{"C:\\Learning\\CDKTK\\Blog-Custom-Github-Action2-1\\src\\commitValidation.js": {"path":"C:\\Learning\\CDKTK\\Blog-Custom-Github-Action2-1\\src\\commitValidation.js","all":false,"statementMap":{"0":{"start":{"line":1,"column":0},"end":{"line":1,"column":13}},"1":{"start":{"line":2,"column":0},"end":{"line":2,"column":97}},"2":{"start":{"line":3,"column":0},"end":{"line":3,"column":33}},"3":{"start":{"line":4,"column":0},"end":{"line":4,"column":53}},"4":{"start":{"line":5,"column":0},"end":{"line":5,"column":88}},"5":{"start":{"line":6,"column":0},"end":{"line":6,"column":68}},"6":{"start":{"line":7,"column":0},"end":{"line":7,"column":5}},"7":{"start":{"line":8,"column":0},"end":{"line":8,"column":39}},"8":{"start":{"line":9,"column":0},"end":{"line":9,"column":29}},"9":{"start":{"line":10,"column":0},"end":{"line":10,"column":33}},"10":{"start":{"line":11,"column":0},"end":{"line":11,"column":17}},"11":{"start":{"line":12,"column":0},"end":{"line":12,"column":4}},"12":{"start":{"line":13,"column":0},"end":{"line":13,"column":96}},"13":{"start":{"line":14,"column":0},"end":{"line":14,"column":72}},"14":{"start":{"line":15,"column":0},"end":{"line":15,"column":21}},"15":{"start":{"line":16,"column":0},"end":{"line":16,"column":21}},"16":{"start":{"line":17,"column":0},"end":{"line":17,"column":3}},"17":{"start":{"line":18,"column":0},"end":{"line":18,"column":66}},"18":{"start":{"line":19,"column":0},"end":{"line":19,"column":42}},"19":{"start":{"line":20,"column":0},"end":{"line":20,"column":20}},"20":{"start":{"line":21,"column":0},"end":{"line":21,"column":141}},"21":{"start":{"line":22,"column":0},"end":{"line":22,"column":36}},"22":{"start":{"line":23,"column":0},"end":{"line":23,"column":18}},"23":{"start":{"line":24,"column":0},"end":{"line":24,"column":2}},"24":{"start":{"line":25,"column":0},"end":{"line":25,"column":90}},"25":{"start":{"line":26,"column":0},"end":{"line":26,"column":112}},"26":{"start":{"line":27,"column":0},"end":{"line":27,"column":64}},"27":{"start":{"line":28,"column":0},"end":{"line":28,"column":99}},"28":{"start":{"line":29,"column":0},"end":{"line":29,"column":102}},"29":{"start":{"line":30,"column":0},"end":{"line":30,"column":118}},"30":{"start":{"line":31,"column":0},"end":{"line":31,"column":78}},"31":{"start":{"line":32,"column":0},"end":{"line":32,"column":7}},"32":{"start":{"line":33,"column":0},"end":{"line":33,"column":2}},"33":{"start":{"line":34,"column":0},"end":{"line":34,"column":62}},"34":{"start":{"line":35,"column":0},"end":{"line":35,"column":34}},"35":{"start":{"line":36,"column":0},"end":{"line":36,"column":56}},"36":{"start":{"line":37,"column":0},"end":{"line":37,"column":56}},"37":{"start":{"line":38,"column":0},"end":{"line":38,"column":55}},"38":{"start":{"line":39,"column":0},"end":{"line":39,"column":29}},"39":{"start":{"line":40,"column":0},"end":{"line":40,"column":57}},"40":{"start":{"line":41,"column":0},"end":{"line":41,"column":50}},"41":{"start":{"line":42,"column":0},"end":{"line":42,"column":77}},"42":{"start":{"line":43,"column":0},"end":{"line":43,"column":71}},"43":{"start":{"line":44,"column":0},"end":{"line":44,"column":35}},"44":{"start":{"line":45,"column":0},"end":{"line":45,"column":52}},"45":{"start":{"line":46,"column":0},"end":{"line":46,"column":52}},"46":{"start":{"line":47,"column":0},"end":{"line":47,"column":60}},"47":{"start":{"line":48,"column":0},"end":{"line":48,"column":73}},"48":{"start":{"line":49,"column":0},"end":{"line":49,"column":77}},"49":{"start":{"line":50,"column":0},"end":{"line":50,"column":55}},"50":{"start":{"line":51,"column":0},"end":{"line":51,"column":49}},"51":{"start":{"line":52,"column":0},"end":{"line":52,"column":13}},"52":{"start":{"line":53,"column":0},"end":{"line":53,"column":18}},"53":{"start":{"line":54,"column":0},"end":{"line":54,"column":152}},"54":{"start":{"line":55,"column":0},"end":{"line":55,"column":151}},"55":{"start":{"line":56,"column":0},"end":{"line":56,"column":13}},"56":{"start":{"line":57,"column":0},"end":{"line":57,"column":9}},"57":{"start":{"line":58,"column":0},"end":{"line":58,"column":14}},"58":{"start":{"line":59,"column":0},"end":{"line":59,"column":60}},"59":{"start":{"line":60,"column":0},"end":{"line":60,"column":54}},"60":{"start":{"line":61,"column":0},"end":{"line":61,"column":9}},"61":{"start":{"line":62,"column":0},"end":{"line":62,"column":7}},"62":{"start":{"line":63,"column":0},"end":{"line":63,"column":1}},"63":{"start":{"line":64,"column":0},"end":{"line":64,"column":44}}},"s":{"0":2,"1":2,"2":0,"3":0,"4":0,"5":0,"6":0,"7":0,"8":2,"9":0,"10":0,"11":2,"12":2,"13":0,"14":2,"15":0,"16":2,"17":2,"18":2,"19":0,"20":0,"21":0,"22":0,"23":2,"24":2,"25":2,"26":2,"27":2,"28":2,"29":2,"30":2,"31":2,"32":2,"33":2,"34":2,"35":2,"36":2,"37":2,"38":2,"39":2,"40":2,"41":0,"42":0,"43":0,"44":0,"45":0,"46":0,"47":0,"48":0,"49":0,"50":0,"51":0,"52":0,"53":0,"54":0,"55":0,"56":0,"57":2,"58":2,"59":2,"60":2,"61":2,"62":2,"63":2},"branchMap":{"0":{"type":"branch","line":1,"loc":{"start":{"line":1,"column":0},"end":{"line":64,"column":44}},"locations":[{"start":{"line":1,"column":0},"end":{"line":64,"column":44}}]},"1":{"type":"branch","line":1,"loc":{"start":{"line":1,"column":0},"end":{"line":64,"column":44}},"locations":[{"start":{"line":1,"column":0},"end":{"line":64,"column":44}}]},"2":{"type":"branch","line":9,"loc":{"start":{"line":9,"column":3},"end":{"line":12,"column":2}},"locations":[{"start":{"line":9,"column":3},"end":{"line":12,"column":2}}]},"3":{"type":"branch","line":15,"loc":{"start":{"line":15,"column":3},"end":{"line":17,"column":1}},"locations":[{"start":{"line":15,"column":3},"end":{"line":17,"column":1}}]},"4":{"type":"branch","line":18,"loc":{"start":{"line":18,"column":50},"end":{"line":24,"column":1}},"locations":[{"start":{"line":18,"column":50},"end":{"line":24,"column":1}}]},"5":{"type":"branch","line":20,"loc":{"start":{"line":20,"column":-1},"end":{"line":24,"column":0}},"locations":[{"start":{"line":20,"column":-1},"end":{"line":24,"column":0}}]},"6":{"type":"branch","line":25,"loc":{"start":{"line":25,"column":44},"end":{"line":33,"column":1}},"locations":[{"start":{"line":25,"column":44},"end":{"line":33,"column":1}}]},"7":{"type":"branch","line":27,"loc":{"start":{"line":27,"column":36},"end":{"line":32,"column":5}},"locations":[{"start":{"line":27,"column":36},"end":{"line":32,"column":5}}]},"8":{"type":"branch","line":30,"loc":{"start":{"line":30,"column":8},"end":{"line":30,"column":118}},"locations":[{"start":{"line":30,"column":8},"end":{"line":30,"column":118}}]},"9":{"type":"branch","line":30,"loc":{"start":{"line":30,"column":68},"end":{"line":30,"column":115}},"locations":[{"start":{"line":30,"column":68},"end":{"line":30,"column":115}}]},"10":{"type":"branch","line":39,"loc":{"start":{"line":39,"column":0},"end":{"line":63,"column":1}},"locations":[{"start":{"line":39,"column":0},"end":{"line":63,"column":1}}]},"11":{"type":"branch","line":40,"loc":{"start":{"line":40,"column":43},"end":{"line":62,"column":5}},"locations":[{"start":{"line":40,"column":43},"end":{"line":62,"column":5}}]},"12":{"type":"branch","line":41,"loc":{"start":{"line":41,"column":49},"end":{"line":57,"column":9}},"locations":[{"start":{"line":41,"column":49},"end":{"line":57,"column":9}}]}},"b":{"0":[2],"1":[2],"2":[0],"3":[0],"4":[2],"5":[0],"6":[2],"7":[2],"8":[2],"9":[0],"10":[2],"11":[2],"12":[0]},"fnMap":{"0":{"name":"Object.<anonymous>","decl":{"start":{"line":1,"column":0},"end":{"line":64,"column":44}},"loc":{"start":{"line":1,"column":0},"end":{"line":64,"column":44}},"line":1},"1":{"name":"Object.<anonymous>.__setModuleDefault","decl":{"start":{"line":15,"column":5},"end":{"line":17,"column":1}},"loc":{"start":{"line":15,"column":5},"end":{"line":17,"column":1}},"line":15},"2":{"name":"Object.<anonymous>.__importStar","decl":{"start":{"line":18,"column":50},"end":{"line":24,"column":1}},"loc":{"start":{"line":18,"column":50},"end":{"line":24,"column":1}},"line":18},"3":{"name":"Object.<anonymous>.__awaiter","decl":{"start":{"line":25,"column":44},"end":{"line":33,"column":1}},"loc":{"start":{"line":25,"column":44},"end":{"line":33,"column":1}},"line":25},"4":{"name":"adopt","decl":{"start":{"line":26,"column":4},"end":{"line":26,"column":112}},"loc":{"start":{"line":26,"column":4},"end":{"line":26,"column":112}},"line":26},"5":{"name":"fulfilled","decl":{"start":{"line":28,"column":8},"end":{"line":28,"column":99}},"loc":{"start":{"line":28,"column":8},"end":{"line":28,"column":99}},"line":28},"6":{"name":"rejected","decl":{"start":{"line":29,"column":8},"end":{"line":29,"column":102}},"loc":{"start":{"line":29,"column":8},"end":{"line":29,"column":102}},"line":29},"7":{"name":"step","decl":{"start":{"line":30,"column":8},"end":{"line":30,"column":118}},"loc":{"start":{"line":30,"column":8},"end":{"line":30,"column":118}},"line":30},"8":{"name":"commitValidation","decl":{"start":{"line":39,"column":0},"end":{"line":63,"column":1}},"loc":{"start":{"line":39,"column":0},"end":{"line":63,"column":1}},"line":39}},"f":{"0":2,"1":0,"2":2,"3":2,"4":0,"5":0,"6":0,"7":2,"8":2}}
,"C:\\Learning\\CDKTK\\Blog-Custom-Github-Action2-1\\src\\index.js": {"path":"C:\\Learning\\CDKTK\\Blog-Custom-Github-Action2-1\\src\\index.js","all":false,"statementMap":{"0":{"start":{"line":1,"column":0},"end":{"line":1,"column":13}},"1":{"start":{"line":2,"column":0},"end":{"line":2,"column":50}},"2":{"start":{"line":3,"column":0},"end":{"line":3,"column":97}},"3":{"start":{"line":4,"column":0},"end":{"line":4,"column":33}},"4":{"start":{"line":5,"column":0},"end":{"line":5,"column":53}},"5":{"start":{"line":6,"column":0},"end":{"line":6,"column":88}},"6":{"start":{"line":7,"column":0},"end":{"line":7,"column":68}},"7":{"start":{"line":8,"column":0},"end":{"line":8,"column":5}},"8":{"start":{"line":9,"column":0},"end":{"line":9,"column":39}},"9":{"start":{"line":10,"column":0},"end":{"line":10,"column":29}},"10":{"start":{"line":11,"column":0},"end":{"line":11,"column":33}},"11":{"start":{"line":12,"column":0},"end":{"line":12,"column":17}},"12":{"start":{"line":13,"column":0},"end":{"line":13,"column":4}},"13":{"start":{"line":14,"column":0},"end":{"line":14,"column":72}},"14":{"start":{"line":15,"column":0},"end":{"line":15,"column":126}},"15":{"start":{"line":16,"column":0},"end":{"line":16,"column":2}},"16":{"start":{"line":17,"column":0},"end":{"line":17,"column":62}},"17":{"start":{"line":18,"column":0},"end":{"line":18,"column":36}},"18":{"start":{"line":19,"column":0},"end":{"line":19,"column":41}},"19":{"start":{"line":20,"column":0},"end":{"line":20,"column":41}},"20":{"start":{"line":21,"column":0},"end":{"line":21,"column":46}},"21":{"start":{"line":22,"column":0},"end":{"line":22,"column":63}},"22":{"start":{"line":23,"column":0},"end":{"line":23,"column":45}},"23":{"start":{"line":24,"column":0},"end":{"line":24,"column":45}},"24":{"start":{"line":25,"column":0},"end":{"line":25,"column":53}},"25":{"start":{"line":26,"column":0},"end":{"line":26,"column":37}}},"s":{"0":2,"1":2,"2":2,"3":6,"4":6,"5":6,"6":6,"7":6,"8":6,"9":2,"10":0,"11":0,"12":2,"13":2,"14":6,"15":2,"16":2,"17":2,"18":2,"19":2,"20":2,"21":2,"22":2,"23":2,"24":2,"25":2},"branchMap":{"0":{"type":"branch","line":1,"loc":{"start":{"line":1,"column":0},"end":{"line":26,"column":37}},"locations":[{"start":{"line":1,"column":0},"end":{"line":26,"column":37}}]},"1":{"type":"branch","line":1,"loc":{"start":{"line":1,"column":0},"end":{"line":26,"column":37}},"locations":[{"start":{"line":1,"column":0},"end":{"line":26,"column":37}}]},"2":{"type":"branch","line":10,"loc":{"start":{"line":10,"column":3},"end":{"line":13,"column":2}},"locations":[{"start":{"line":10,"column":3},"end":{"line":13,"column":2}}]},"3":{"type":"branch","line":3,"loc":{"start":{"line":3,"column":74},"end":{"line":10,"column":1}},"locations":[{"start":{"line":3,"column":74},"end":{"line":10,"column":1}}]},"4":{"type":"branch","line":6,"loc":{"start":{"line":6,"column":32},"end":{"line":6,"column":47}},"locations":[{"start":{"line":6,"column":32},"end":{"line":6,"column":47}}]},"5":{"type":"branch","line":6,"loc":{"start":{"line":6,"column":64},"end":{"line":6,"column":84}},"locations":[{"start":{"line":6,"column":64},"end":{"line":6,"column":84}}]},"6":{"type":"branch","line":7,"loc":{"start":{"line":7,"column":38},"end":{"line":7,"column":65}},"locations":[{"start":{"line":7,"column":38},"end":{"line":7,"column":65}}]},"7":{"type":"branch","line":14,"loc":{"start":{"line":14,"column":50},"end":{"line":16,"column":1}},"locations":[{"start":{"line":14,"column":50},"end":{"line":16,"column":1}}]}},"b":{"0":[2],"1":[2],"2":[0],"3":[6],"4":[0],"5":[0],"6":[2],"7":[6]},"fnMap":{"0":{"name":"Object.<anonymous>","decl":{"start":{"line":1,"column":0},"end":{"line":26,"column":37}},"loc":{"start":{"line":1,"column":0},"end":{"line":26,"column":37}},"line":1},"1":{"name":"get","decl":{"start":{"line":7,"column":38},"end":{"line":7,"column":65}},"loc":{"start":{"line":7,"column":38},"end":{"line":7,"column":65}},"line":7},"2":{"name":"Object.<anonymous>.__exportStar","decl":{"start":{"line":14,"column":50},"end":{"line":16,"column":1}},"loc":{"start":{"line":14,"column":50},"end":{"line":16,"column":1}},"line":14}},"f":{"0":2,"1":2,"2":6}}
,"C:\\Learning\\CDKTK\\Blog-Custom-Github-Action2-1\\src\\markdown.js": {"path":"C:\\Learning\\CDKTK\\Blog-Custom-Github-Action2-1\\src\\markdown.js","all":false,"statementMap":{"0":{"start":{"line":1,"column":0},"end":{"line":1,"column":13}},"1":{"start":{"line":2,"column":0},"end":{"line":2,"column":32}},"2":{"start":{"line":3,"column":0},"end":{"line":3,"column":62}},"3":{"start":{"line":4,"column":0},"end":{"line":4,"column":31}},"4":{"start":{"line":5,"column":0},"end":{"line":5,"column":50}},"5":{"start":{"line":6,"column":0},"end":{"line":6,"column":51}},"6":{"start":{"line":7,"column":0},"end":{"line":7,"column":47}},"7":{"start":{"line":8,"column":0},"end":{"line":8,"column":12}},"8":{"start":{"line":9,"column":0},"end":{"line":9,"column":53}},"9":{"start":{"line":10,"column":0},"end":{"line":10,"column":31}},"10":{"start":{"line":11,"column":0},"end":{"line":11,"column":40}},"11":{"start":{"line":12,"column":0},"end":{"line":12,"column":34}},"12":{"start":{"line":13,"column":0},"end":{"line":13,"column":25}},"13":{"start":{"line":14,"column":0},"end":{"line":14,"column":45}},"14":{"start":{"line":15,"column":0},"end":{"line":15,"column":37}},"15":{"start":{"line":16,"column":0},"end":{"line":16,"column":38}},"16":{"start":{"line":17,"column":0},"end":{"line":17,"column":13}},"17":{"start":{"line":18,"column":0},"end":{"line":18,"column":48}},"18":{"start":{"line":19,"column":0},"end":{"line":19,"column":46}},"19":{"start":{"line":20,"column":0},"end":{"line":20,"column":9}},"20":{"start":{"line":21,"column":0},"end":{"line":21,"column":23}},"21":{"start":{"line":22,"column":0},"end":{"line":22,"column":71}},"22":{"start":{"line":23,"column":0},"end":{"line":23,"column":24}},"23":{"start":{"line":24,"column":0},"end":{"line":24,"column":9}},"24":{"start":{"line":25,"column":0},"end":{"line":25,"column":22}},"25":{"start":{"line":26,"column":0},"end":{"line":26,"column":5}},"26":{"start":{"line":27,"column":0},"end":{"line":27,"column":15}},"27":{"start":{"line":28,"column":0},"end":{"line":28,"column":2}},"28":{"start":{"line":29,"column":0},"end":{"line":29,"column":38}}},"s":{"0":2,"1":2,"2":2,"3":2,"4":2,"5":2,"6":0,"7":0,"8":0,"9":0,"10":0,"11":0,"12":0,"13":0,"14":0,"15":0,"16":0,"17":0,"18":0,"19":0,"20":0,"21":0,"22":0,"23":0,"24":0,"25":0,"26":0,"27":2,"28":2},"branchMap":{"0":{"type":"branch","line":1,"loc":{"start":{"line":1,"column":0},"end":{"line":29,"column":38}},"locations":[{"start":{"line":1,"column":0},"end":{"line":29,"column":38}}]},"1":{"type":"branch","line":1,"loc":{"start":{"line":1,"column":0},"end":{"line":29,"column":38}},"locations":[{"start":{"line":1,"column":0},"end":{"line":29,"column":38}}]}},"b":{"0":[2],"1":[2]},"fnMap":{"0":{"name":"Object.<anonymous>","decl":{"start":{"line":1,"column":0},"end":{"line":29,"column":38}},"loc":{"start":{"line":1,"column":0},"end":{"line":29,"column":38}},"line":1},"1":{"name":"createMessage","decl":{"start":{"line":6,"column":20},"end":{"line":28,"column":1}},"loc":{"start":{"line":6,"column":20},"end":{"line":28,"column":1}},"line":6}},"f":{"0":2,"1":0}}
,"C:\\Learning\\CDKTK\\Blog-Custom-Github-Action2-1\\src\\readfile.js": {"path":"C:\\Learning\\CDKTK\\Blog-Custom-Github-Action2-1\\src\\readfile.js","all":false,"statementMap":{"0":{"start":{"line":1,"column":0},"end":{"line":1,"column":13}},"1":{"start":{"line":2,"column":0},"end":{"line":2,"column":62}},"2":{"start":{"line":3,"column":0},"end":{"line":3,"column":26}},"3":{"start":{"line":4,"column":0},"end":{"line":4,"column":55}},"4":{"start":{"line":5,"column":0},"end":{"line":5,"column":25}},"5":{"start":{"line":6,"column":0},"end":{"line":6,"column":31}},"6":{"start":{"line":7,"column":0},"end":{"line":7,"column":30}},"7":{"start":{"line":8,"column":0},"end":{"line":8,"column":55}},"8":{"start":{"line":9,"column":0},"end":{"line":9,"column":46}},"9":{"start":{"line":10,"column":0},"end":{"line":10,"column":44}},"10":{"start":{"line":11,"column":0},"end":{"line":11,"column":46}},"11":{"start":{"line":12,"column":0},"end":{"line":12,"column":25}},"12":{"start":{"line":13,"column":0},"end":{"line":13,"column":2}},"13":{"start":{"line":14,"column":0},"end":{"line":14,"column":28}}},"s":{"0":2,"1":2,"2":2,"3":2,"4":2,"5":2,"6":2,"7":0,"8":0,"9":0,"10":0,"11":0,"12":2,"13":2},"branchMap":{"0":{"type":"branch","line":1,"loc":{"start":{"line":1,"column":0},"end":{"line":14,"column":28}},"locations":[{"start":{"line":1,"column":0},"end":{"line":14,"column":28}}]},"1":{"type":"branch","line":1,"loc":{"start":{"line":1,"column":0},"end":{"line":14,"column":28}},"locations":[{"start":{"line":1,"column":0},"end":{"line":14,"column":28}}]}},"b":{"0":[2],"1":[2]},"fnMap":{"0":{"name":"Object.<anonymous>","decl":{"start":{"line":1,"column":0},"end":{"line":14,"column":28}},"loc":{"start":{"line":1,"column":0},"end":{"line":14,"column":28}},"line":1},"1":{"name":"readJson","decl":{"start":{"line":7,"column":15},"end":{"line":13,"column":1}},"loc":{"start":{"line":7,"column":15},"end":{"line":13,"column":1}},"line":7}},"f":{"0":2,"1":0}}
}
