TN:
SF:src\commitValidation.js
FN:1,Object.<anonymous>
FN:15,Object.<anonymous>.__setModuleDefault
FN:18,Object.<anonymous>.__importStar
FN:25,Object.<anonymous>.__awaiter
FN:26,adopt
FN:28,fulfilled
FN:29,rejected
FN:30,step
FN:39,commitValidation
FNF:9
FNH:5
FNDA:2,Object.<anonymous>
FNDA:0,Object.<anonymous>.__setModuleDefault
FNDA:2,Object.<anonymous>.__importStar
FNDA:2,Object.<anonymous>.__awaiter
FNDA:0,adopt
FNDA:0,fulfilled
FNDA:0,rejected
FNDA:2,step
FNDA:2,commitValidation
DA:1,2
DA:2,2
DA:3,0
DA:4,0
DA:5,0
DA:6,0
DA:7,0
DA:8,0
DA:9,2
DA:10,0
DA:11,0
DA:12,2
DA:13,2
DA:14,0
DA:15,2
DA:16,0
DA:17,2
DA:18,2
DA:19,2
DA:20,0
DA:21,0
DA:22,0
DA:23,0
DA:24,2
DA:25,2
DA:26,2
DA:27,2
DA:28,2
DA:29,2
DA:30,2
DA:31,2
DA:32,2
DA:33,2
DA:34,2
DA:35,2
DA:36,2
DA:37,2
DA:38,2
DA:39,2
DA:40,2
DA:41,2
DA:42,0
DA:43,0
DA:44,0
DA:45,0
DA:46,0
DA:47,0
DA:48,0
DA:49,0
DA:50,0
DA:51,0
DA:52,0
DA:53,0
DA:54,0
DA:55,0
DA:56,0
DA:57,0
DA:58,2
DA:59,2
DA:60,2
DA:61,2
DA:62,2
DA:63,2
DA:64,2
LF:64
LH:34
BRDA:1,0,0,2
BRDA:1,1,0,2
BRDA:9,2,0,0
BRDA:15,3,0,0
BRDA:18,4,0,2
BRDA:20,5,0,0
BRDA:25,6,0,2
BRDA:27,7,0,2
BRDA:30,8,0,2
BRDA:30,9,0,0
BRDA:39,10,0,2
BRDA:40,11,0,2
BRDA:41,12,0,0
BRF:13
BRH:8
end_of_record
TN:
SF:src\index.js
FN:1,Object.<anonymous>
FN:7,get
FN:14,Object.<anonymous>.__exportStar
FNF:3
FNH:3
FNDA:2,Object.<anonymous>
FNDA:2,get
FNDA:6,Object.<anonymous>.__exportStar
DA:1,2
DA:2,2
DA:3,2
DA:4,6
DA:5,6
DA:6,6
DA:7,6
DA:8,6
DA:9,6
DA:10,2
DA:11,0
DA:12,0
DA:13,2
DA:14,2
DA:15,6
DA:16,2
DA:17,2
DA:18,2
DA:19,2
DA:20,2
DA:21,2
DA:22,2
DA:23,2
DA:24,2
DA:25,2
DA:26,2
LF:26
LH:24
BRDA:1,0,0,2
BRDA:1,1,0,2
BRDA:10,2,0,0
BRDA:3,3,0,6
BRDA:6,4,0,0
BRDA:6,5,0,0
BRDA:7,6,0,2
BRDA:14,7,0,6
BRF:8
BRH:5
end_of_record
TN:
SF:src\markdown.js
FN:1,Object.<anonymous>
FN:6,createMessage
FNF:2
FNH:1
FNDA:2,Object.<anonymous>
FNDA:0,createMessage
DA:1,2
DA:2,2
DA:3,2
DA:4,2
DA:5,2
DA:6,2
DA:7,0
DA:8,0
DA:9,0
DA:10,0
DA:11,0
DA:12,0
DA:13,0
DA:14,0
DA:15,0
DA:16,0
DA:17,0
DA:18,0
DA:19,0
DA:20,0
DA:21,0
DA:22,0
DA:23,0
DA:24,0
DA:25,0
DA:26,0
DA:27,0
DA:28,2
DA:29,2
LF:29
LH:8
BRDA:1,0,0,2
BRDA:1,1,0,2
BRF:2
BRH:2
end_of_record
TN:
SF:src\readfile.js
FN:1,Object.<anonymous>
FN:7,readJson
FNF:2
FNH:1
FNDA:2,Object.<anonymous>
FNDA:0,readJson
DA:1,2
DA:2,2
DA:3,2
DA:4,2
DA:5,2
DA:6,2
DA:7,2
DA:8,0
DA:9,0
DA:10,0
DA:11,0
DA:12,0
DA:13,2
DA:14,2
LF:14
LH:9
BRDA:1,0,0,2
BRDA:1,1,0,2
BRF:2
BRH:2
end_of_record
